\BOOKMARK [0][-]{Doc-Start}{\376\377\000L\036\335\000i\000\040\000c\036\243\000m\000\040\001\241\000n}{}% 1
\BOOKMARK [0][-]{chapter*.1}{\376\377\001\020\036\301\000\040\000c\001\260\001\241\000n\000g\000\040\000c\000h\000i\000\040\000t\000i\036\277\000t}{}% 2
\BOOKMARK [0][-]{chapter*.1}{\376\377\000M\036\345\000c\000\040\000l\036\345\000c}{}% 3
\BOOKMARK [0][-]{chapter*.4}{\376\377\000T\000\363\000m\000\040\000t\036\257\000t}{}% 4
\BOOKMARK [0][-]{chapter.1}{\376\377\000G\000i\036\333\000i\000\040\000t\000h\000i\036\307\000u\000\040\000c\000h\000u\000n\000g}{}% 5
\BOOKMARK [0][-]{chapter.2}{\376\377\000T\036\325\000n\000g\000\040\000q\000u\000a\000n\000\040\000v\036\301\000\040\000t\000\363\000m\000\040\000t\036\257\000t\000\040\000v\001\003\000n\000\040\000b\036\243\000n}{}% 6
\BOOKMARK [1][-]{section.2.1}{\376\377\000G\000i\036\333\000i\000\040\000t\000h\000i\036\307\000u\000\040\000v\036\301\000\040\000t\000\363\000m\000\040\000t\036\257\000t\000\040\000v\001\003\000n\000\040\000b\036\243\000n}{chapter.2}% 7
\BOOKMARK [2][-]{subsection.2.1.1}{\376\377\000G\000i\036\333\000i\000\040\000t\000h\000i\036\307\000u\000\040\000c\000h\000u\000n\000g}{section.2.1}% 8
\BOOKMARK [2][-]{subsection.2.1.2}{\376\377\000P\000h\000\342\000n\000\040\000l\000o\036\241\000i\000\040\000t\000\363\000m\000\040\000t\036\257\000t\000\040\000v\001\003\000n\000\040\000b\036\243\000n}{section.2.1}% 9
\BOOKMARK [1][-]{section.2.2}{\376\377\000C\000\341\000c\000\040\000p\000h\001\260\001\241\000n\000g\000\040\000p\000h\000\341\000p\000\040\000t\000\363\000m\000\040\000t\036\257\000t\000\040\000v\001\003\000n\000\040\000b\036\243\000n}{chapter.2}% 10
\BOOKMARK [1][-]{section.2.3}{\376\377\000C\000\341\000c\000\040\000v\036\245\000n\000\040\001\021\036\301\000\040\000t\000r\000o\000n\000g\000\040\000t\000\363\000m\000\040\000t\036\257\000t\000\040\000v\001\003\000n\000\040\000b\036\243\000n}{chapter.2}% 11
\BOOKMARK [2][-]{subsection.2.3.1}{\376\377\000S\036\257\000p\000\040\000x\036\277\000p\000\040\000c\000\342\000u\000\040\000\050\000S\000e\000n\000t\000e\000n\000c\000e\000\040\000o\000r\000d\000e\000r\000i\000n\000g\000\051}{section.2.3}% 12
\BOOKMARK [2][-]{subsection.2.3.2}{\376\377\000G\000i\036\243\000n\000\040\000l\001\260\036\343\000c\000\040\000c\000\342\000u\000\040\000\050\000S\000e\000n\000t\000e\000n\000c\000e\000\040\000r\000e\000v\000i\000s\000i\000o\000n\000\051}{section.2.3}% 13
\BOOKMARK [2][-]{subsection.2.3.3}{\376\377\000K\036\277\000t\000\040\000h\036\343\000p\000\040\000c\000\342\000u}{section.2.3}% 14
\BOOKMARK [0][-]{chapter.3}{\376\377\000T\036\325\000n\000g\000\040\000q\000u\000a\000n\000\040\000v\036\301\000\040\000D\000e\000e\000p\000\040\000L\000e\000a\000r\000n\000i\000n\000g}{}% 15
\BOOKMARK [1][-]{section.3.1}{\376\377\000F\000e\000e\000d\000-\000f\000o\000r\000w\000a\000r\000d\000\040\000N\000e\000u\000r\000a\000l\000\040\000N\000e\000t\000w\000o\000r\000k}{chapter.3}% 16
\BOOKMARK [1][-]{section.3.2}{\376\377\000R\000e\000c\000u\000r\000s\000i\000v\000e\000\040\000N\000e\000u\000r\000a\000l\000\040\000N\000e\000t\000w\000o\000r\000k}{chapter.3}% 17
\BOOKMARK [2][-]{subsection.3.2.1}{\376\377\000R\000e\000c\000u\000r\000s\000i\000v\000e\000\040\000N\000e\000u\000r\000a\000l\000\040\000N\000e\000t\000w\000o\000r\000k}{section.3.2}% 18
\BOOKMARK [2][-]{subsection.3.2.2}{\376\377\000R\000e\000c\000u\000r\000s\000i\000v\000e\000\040\000A\000u\000t\000o\000-\000e\000n\000c\000o\000d\000e\000r\000\040\000N\000e\000u\000r\000a\000l\000\040\000N\000e\000t\000w\000o\000r\000k}{section.3.2}% 19
\BOOKMARK [1][-]{section.3.3}{\376\377\000C\000o\000n\000v\000o\000l\000u\000t\000i\000o\000n\000\040\000N\000e\000u\000r\000a\000l\000\040\000N\000e\000t\000w\000o\000r\000k}{chapter.3}% 20
\BOOKMARK [1][-]{section.3.4}{\376\377\000R\000e\000c\000u\000r\000r\000e\000n\000t\000\040\000N\000e\000u\000r\000a\000l\000\040\000N\000e\000t\000w\000o\000r\000k}{chapter.3}% 21
\BOOKMARK [2][-]{subsection.3.4.1}{\376\377\000R\000e\000c\000u\000r\000r\000e\000n\000t\000\040\000N\000e\000u\000r\000a\000l\000\040\000N\000e\000t\000w\000o\000r\000k}{section.3.4}% 22
\BOOKMARK [2][-]{subsection.3.4.2}{\376\377\000L\000o\000n\000g\000\040\000S\000h\000o\000r\000t\000\040\000T\000e\000r\000m\000\040\000M\000e\000m\000o\000r\000y}{section.3.4}% 23
\BOOKMARK [0][-]{subsection.3.4.2}{\376\377\000T\000\340\000i\000\040\000l\000i\036\307\000u\000\040\000t\000h\000a\000m\000\040\000k\000h\036\243\000o}{}% 24
\BOOKMARK [0][-]{appendix.A}{\376\377\000N\000g\036\357\000\040\000p\000h\000\341\000p\000\040\000t\000i\036\277\000n\000g\000\040\000V\000i\036\307\000t}{}% 25
\BOOKMARK [0][-]{appendix.B}{\376\377\000N\000g\036\357\000\040\000p\000h\000\341\000p\000\040\000t\000i\036\277\000n\000g\000\040\000N\000\364\000m}{}% 26
